[2025-02-21T13:17:39.177Z] INFO: Người dùng chọn chức năng: 1
[2025-02-21T13:17:39.182Z] INFO: Thêm sinh viên
[2025-02-21T13:18:25.531Z] INFO: Người dùng chọn chức năng: d
[2025-02-21T13:18:25.532Z] WARN: Người dùng nhập lựa chọn không hợp lệ
[2025-02-21T13:18:26.637Z] INFO: Người dùng chọn chức năng: 13
[2025-02-21T13:18:26.638Z] INFO: Người dùng thoát chương trình
[2025-02-21T13:18:41.678Z] INFO: Người dùng chọn chức năng: 1
[2025-02-21T13:18:41.683Z] INFO: Thêm sinh viên
[2025-02-21T13:19:24.391Z] INFO: Người dùng chọn chức năng: 1
[2025-02-21T13:19:24.392Z] INFO: Thêm sinh viên
[2025-02-21T13:25:12.061Z] INFO: Người dùng chọn chức năng: 13
[2025-02-21T13:25:12.062Z] INFO: Người dùng thoát chương trình
[2025-02-21T13:26:21.781Z] INFO: Người dùng chọn chức năng: 1
[2025-02-21T13:26:21.786Z] INFO: Thêm sinh viên
[2025-02-21T13:29:27.259Z] INFO: Người dùng chọn chức năng: 6
[2025-02-21T13:29:27.259Z] INFO: Đổi tên khoa
[2025-02-21T13:30:08.583Z] INFO: Người dùng chọn chức năng: 1
[2025-02-21T13:30:08.584Z] INFO: Thêm sinh viên
[2025-02-21T13:31:52.575Z] INFO: Người dùng chọn chức năng: 13
[2025-02-21T13:31:52.576Z] INFO: Người dùng thoát chương trình
[2025-02-21T13:32:11.383Z] INFO: Người dùng chọn chức năng: 1
[2025-02-21T13:32:11.387Z] INFO: Thêm sinh viên
[2025-02-21T13:33:09.738Z] INFO: Người dùng chọn chức năng: 13
[2025-02-21T13:33:09.739Z] INFO: Người dùng thoát chương trình
[2025-02-21T13:41:33.891Z] INFO: Người dùng chọn chức năng: 13
[2025-02-21T13:41:33.897Z] INFO: Người dùng thoát chương trình
[2025-02-21T13:45:17.892Z] INFO: Người dùng chọn chức năng: 13
[2025-02-21T13:45:17.897Z] INFO: Người dùng thoát chương trình
[2025-02-21T13:50:37.677Z] INFO: Người dùng chọn chức năng: 13
[2025-02-21T13:50:37.680Z] INFO: Người dùng thoát chương trình
[2025-02-21T13:51:22.163Z] INFO: Người dùng chọn chức năng: 13
[2025-02-21T13:51:22.166Z] INFO: Người dùng thoát chương trình
[2025-02-21T14:12:10.322Z] INFO: Người dùng chọn chức năng: 9
[2025-02-21T14:12:10.325Z] INFO: Thêm chương trình mới
[2025-02-21T14:12:32.206Z] INFO: Người dùng chọn chức năng: 
[2025-02-21T14:12:32.207Z] WARN: Người dùng nhập lựa chọn không hợp lệ
[2025-02-21T14:12:37.221Z] INFO: Người dùng chọn chức năng: 10
[2025-02-21T14:12:37.222Z] INFO: Đổi tên chương trình
[2025-02-21T14:13:24.341Z] INFO: Người dùng chọn chức năng: 11
[2025-02-21T14:13:24.342Z] INFO: Tìm kiếm sinh viên theo khoa
[2025-02-21T14:13:44.831Z] INFO: Người dùng chọn chức năng: 11
[2025-02-21T14:13:44.833Z] INFO: Tìm kiếm sinh viên theo khoa
[2025-02-21T14:14:03.046Z] INFO: Người dùng chọn chức năng: 11
[2025-02-21T14:14:03.046Z] INFO: Tìm kiếm sinh viên theo khoa
[2025-02-21T14:14:29.270Z] INFO: Người dùng chọn chức năng: 7
[2025-02-21T14:14:29.271Z] INFO: Thêm trạng thái mới
[2025-02-21T14:14:32.640Z] INFO: Người dùng chọn chức năng: 7
[2025-02-21T14:14:32.640Z] INFO: Thêm trạng thái mới
[2025-02-21T14:14:47.557Z] INFO: Người dùng chọn chức năng: 8
[2025-02-21T14:14:47.558Z] INFO: Đổi tên trạng thái
[2025-02-21T14:16:34.219Z] INFO: Người dùng chọn chức năng: 13
[2025-02-21T14:16:34.220Z] INFO: Người dùng thoát chương trình
[2025-02-21T14:17:08.071Z] INFO: Người dùng chọn chức năng: 11
[2025-02-21T14:17:08.074Z] INFO: Tìm kiếm sinh viên theo khoa
[2025-02-21T14:17:39.853Z] INFO: Người dùng chọn chức năng: 12
[2025-02-21T14:17:39.854Z] INFO: Tìm kiếm sinh viên theo khoa và tên
[2025-02-21T14:17:44.567Z] INFO: Người dùng chọn chức năng: 13
[2025-02-21T14:17:44.568Z] INFO: Người dùng thoát chương trình
[2025-02-27T13:29:43.550Z] INFO: Người dùng chọn chức năng: 13
[2025-02-27T13:29:43.553Z] INFO: Người dùng thoát chương trình
[2025-02-27T13:30:39.457Z] INFO: Người dùng chọn chức năng: 13
[2025-02-27T13:30:39.461Z] INFO: Người dùng thoát chương trình
[2025-02-27T13:39:35.123Z] INFO: Người dùng chọn chức năng: 
[2025-02-27T13:39:35.126Z] WARN: Người dùng nhập lựa chọn không hợp lệ
[2025-02-27T13:39:35.770Z] INFO: Người dùng chọn chức năng: 13
[2025-02-27T13:39:35.771Z] INFO: Người dùng thoát chương trình
[2025-02-27T13:42:44.907Z] INFO: Người dùng chọn chức năng: 13
[2025-02-27T13:42:44.910Z] INFO: Người dùng thoát chương trình
[2025-02-27T13:47:47.509Z] INFO: Người dùng chọn chức năng: 13
[2025-02-27T13:47:47.515Z] INFO: Người dùng thoát chương trình
[2025-02-27T14:26:44.644Z] INFO: Người dùng chọn chức năng: 5
[2025-02-27T14:26:44.646Z] INFO: Thêm khoa mới
[2025-02-27T14:29:40.772Z] INFO: Người dùng chọn chức năng: 13
[2025-02-27T14:29:40.772Z] INFO: Người dùng thoát chương trình
[2025-02-27T14:29:46.926Z] INFO: Người dùng chọn chức năng: 13
[2025-02-27T14:29:46.929Z] INFO: Người dùng thoát chương trình
[2025-02-27T14:30:00.759Z] INFO: Người dùng chọn chức năng: 5
[2025-02-27T14:30:00.762Z] INFO: Thêm khoa mới
[2025-02-27T14:30:45.953Z] INFO: Người dùng chọn chức năng: 13
[2025-02-27T14:30:45.954Z] INFO: Người dùng thoát chương trình
[2025-02-27T17:26:35.627Z] INFO: Người dùng chọn chức năng: 5
[2025-02-27T17:26:35.630Z] INFO: Thêm khoa mới
[2025-02-27T17:26:39.060Z] INFO: Người dùng chọn chức năng: 5
[2025-02-27T17:26:39.062Z] INFO: Thêm khoa mới
[2025-02-27T17:26:51.477Z] INFO: Người dùng chọn chức năng: 5
[2025-02-27T17:26:51.478Z] INFO: Thêm khoa mới
[2025-02-27T17:29:26.043Z] INFO: Người dùng chọn chức năng: 13
[2025-02-27T17:29:26.043Z] INFO: Người dùng thoát chương trình
[2025-02-27T18:06:06.439Z] INFO: Người dùng chọn chức năng: 13
[2025-02-27T18:06:06.443Z] INFO: Người dùng thoát chương trình
[2025-02-27T18:33:09.850Z] INFO: Người dùng chọn chức năng: 13
[2025-02-27T18:33:09.853Z] INFO: Người dùng thoát chương trình
[2025-02-27T18:48:55.523Z] INFO: Người dùng chọn chức năng: 13
[2025-02-27T18:48:55.526Z] INFO: Người dùng thoát chương trình
[2025-02-27T20:37:05.250Z] INFO: Người dùng chọn chức năng: 13
[2025-02-27T20:37:05.252Z] INFO: Người dùng thoát chương trình
[2025-02-28T06:15:33.565Z] INFO: Người dùng chọn chức năng: 1
[2025-02-28T06:15:33.568Z] INFO: Thêm sinh viên
[2025-02-28T06:16:03.553Z] INFO: Người dùng chọn chức năng: 2
[2025-02-28T06:16:03.554Z] INFO: Xóa sinh viên
[2025-02-28T06:16:16.432Z] INFO: Người dùng chọn chức năng: 1
[2025-02-28T06:16:16.433Z] INFO: Thêm sinh viên
[2025-02-28T06:27:56.964Z] INFO: Người dùng chọn chức năng: 13
[2025-02-28T06:27:56.965Z] INFO: Người dùng thoát chương trình
[2025-02-28T06:29:25.221Z] INFO: Người dùng chọn chức năng: 1
[2025-02-28T06:29:25.224Z] INFO: Thêm sinh viên
[2025-02-28T06:35:41.983Z] INFO: Người dùng chọn chức năng: 13
[2025-02-28T06:35:41.984Z] INFO: Người dùng thoát chương trình
[2025-02-28T06:35:51.355Z] INFO: Người dùng chọn chức năng: 13
[2025-02-28T06:35:51.358Z] INFO: Người dùng thoát chương trình
[2025-02-28T06:39:50.346Z] INFO: Người dùng chọn chức năng: 13
[2025-02-28T06:39:50.349Z] INFO: Người dùng thoát chương trình
[2025-02-28T06:41:59.784Z] INFO: Người dùng chọn chức năng: 13
[2025-02-28T06:41:59.787Z] INFO: Người dùng thoát chương trình
[2025-02-28T06:42:16.610Z] INFO: Người dùng chọn chức năng: 13
[2025-02-28T06:42:16.613Z] INFO: Người dùng thoát chương trình
[2025-02-28T06:42:56.676Z] INFO: Người dùng chọn chức năng: 13
[2025-02-28T06:42:56.679Z] INFO: Người dùng thoát chương trình
[2025-02-28T06:43:22.111Z] INFO: Người dùng chọn chức năng: 13
[2025-02-28T06:43:22.114Z] INFO: Người dùng thoát chương trình
[2025-02-28T06:43:27.868Z] INFO: Người dùng chọn chức năng: 13
[2025-02-28T06:43:27.871Z] INFO: Người dùng thoát chương trình
[2025-02-28T06:43:53.309Z] INFO: Người dùng chọn chức năng: 
[2025-02-28T06:43:53.312Z] WARN: Người dùng nhập lựa chọn không hợp lệ
[2025-02-28T06:43:54.816Z] INFO: Người dùng chọn chức năng: 13
[2025-02-28T06:43:54.817Z] INFO: Người dùng thoát chương trình
[2025-02-28T06:45:09.247Z] INFO: Người dùng chọn chức năng: 13
[2025-02-28T06:45:09.250Z] INFO: Người dùng thoát chương trình
[2025-02-28T06:47:00.264Z] INFO: Người dùng chọn chức năng: 13
[2025-02-28T06:47:00.267Z] INFO: Người dùng thoát chương trình
[2025-02-28T06:47:38.417Z] INFO: Người dùng chọn chức năng: 13
[2025-02-28T06:47:38.420Z] INFO: Người dùng thoát chương trình
[2025-02-28T06:48:18.739Z] INFO: Người dùng chọn chức năng: 13
[2025-02-28T06:48:18.742Z] INFO: Người dùng thoát chương trình
[2025-02-28T06:48:53.103Z] INFO: Người dùng chọn chức năng: 13
[2025-02-28T06:48:53.106Z] INFO: Người dùng thoát chương trình
[2025-02-28T06:50:53.861Z] INFO: Người dùng chọn chức năng: 13
[2025-02-28T06:50:53.864Z] INFO: Người dùng thoát chương trình
[2025-02-28T06:51:24.920Z] INFO: Người dùng chọn chức năng: 13
[2025-02-28T06:51:24.923Z] INFO: Người dùng thoát chương trình
[2025-02-28T06:51:35.236Z] INFO: Người dùng chọn chức năng: 
[2025-02-28T06:51:35.239Z] WARN: Người dùng nhập lựa chọn không hợp lệ
[2025-02-28T06:51:36.583Z] INFO: Người dùng chọn chức năng: 13
[2025-02-28T06:51:36.584Z] INFO: Người dùng thoát chương trình
[2025-02-28T06:51:51.379Z] INFO: Người dùng chọn chức năng: 13
[2025-02-28T06:51:51.383Z] INFO: Người dùng thoát chương trình
[2025-02-28T07:01:15.333Z] INFO: Người dùng chọn chức năng: 13
[2025-02-28T07:01:15.336Z] INFO: Người dùng thoát chương trình
[2025-02-28T07:06:25.801Z] INFO: Người dùng chọn chức năng: 13
[2025-02-28T07:06:25.803Z] INFO: Người dùng thoát chương trình
[2025-02-28T07:07:56.133Z] INFO: Người dùng chọn chức năng: 13
[2025-02-28T07:07:56.136Z] INFO: Người dùng thoát chương trình
[2025-02-28T07:08:24.608Z] INFO: Người dùng chọn chức năng: 13
[2025-02-28T07:08:24.611Z] INFO: Người dùng thoát chương trình
